
> @website/blackrainbow_media@0.0.1 prepublishOnly D:\Developer\Application\BlackRainbowAI\Website
> astro build

00:08:59 [ERROR] [vite] [31mWebSocket server error: Port is already in use[39m
00:08:59 [build] output: "static"
00:08:59 [build] directory: D:\Developer\Application\BlackRainbowAI\Website\Target\
00:08:59 [build] Collecting build info...
00:08:59 [build] ✓ Completed in 3.07s.
00:08:59 [build] Building static entrypoints...
00:09:11 [vite] [32m✓ built in 11.87s[39m
00:09:11 [build] ✓ Completed in 11.97s.

 building client (vite) 
00:09:11 [vite] transforming...
00:09:14 [vite] [32m✓[39m 25 modules transformed.
00:09:14 [vite] rendering chunks...
[plugin astro:prefetch] Sourcemap is likely to be incorrect: a plugin (astro:prefetch) was used to transform files, but didn't generate a sourcemap for the transformation. Consult the plugin documentation for help
[plugin astro:transitions] Sourcemap is likely to be incorrect: a plugin (astro:transitions) was used to transform files, but didn't generate a sourcemap for the transformation. Consult the plugin documentation for help
00:09:14 [vite] computing gzip size...
00:09:14 [vite] [2mTarget/[22m[36m_astro/Base.astro_astro_type_script_index_0_lang.DEojYkik.js             [39m[1m[2m 1.42 kB[22m[1m[22m[2m │ gzip: 0.90 kB[22m[2m │ map:   0.73 kB[22m
00:09:14 [vite] [2mTarget/[22m[36m_astro/page.CY1iZwUD.js                                                  [39m[1m[2m 2.11 kB[22m[1m[22m[2m │ gzip: 1.07 kB[22m[2m │ map:   8.11 kB[22m
00:09:14 [vite] [2mTarget/[22m[36m_astro/ViewTransitions.astro_astro_type_script_index_0_lang.DnFK6dK7.js  [39m[1m[2m13.11 kB[22m[1m[22m[2m │ gzip: 4.62 kB[22m[2m │ map:  35.23 kB[22m
00:09:14 [vite] [2mTarget/[22m[36m_astro/index.esm.CDbocLk8.js                                             [39m[1m[2m39.52 kB[22m[1m[22m[2m │ gzip: 9.33 kB[22m[2m │ map: 197.07 kB[22m
00:09:14 [vite] [32m✓ built in 3.34s[39m

 generating static routes 
00:09:14 ▶ Source/pages/index.astro
00:09:14   └─ /index.html (+147ms)
00:09:14 ✓ Completed in 195ms.

00:09:14 [@astrojs/sitemap] `sitemap-index.xml` created at `Target`
Successfully inlined a total of 1 HTML file.
Successfully formatted a total of 4 JavaScript and TypeScript files.

 Compress 
✓ Successfully compressed a total of 1 CSS file for 65 Bytes.
✓ Successfully compressed a total of 1 HTML file for 172 Bytes.
00:09:21 [build] Waiting for integration "@playform/compress", hook "astro:build:done"...
✓ Successfully compressed a total of 3 JavaScript files for 24.54 KB.
✓ Successfully compressed a total of 1 SVG file for 251 Bytes.
00:09:22 [build] 1 page(s) built in 26.06s
00:09:22 [build] Complete!
